Determining if the pthread_create exist failed with the following output:
Change Dir: /home/dany/catkin_ws/src/desperate_housewife/build/CMakeFiles/CMakeTmp

Run Build Command:/usr/bin/make "cmTryCompileExec3043926513/fast"
/usr/bin/make -f CMakeFiles/cmTryCompileExec3043926513.dir/build.make CMakeFiles/cmTryCompileExec3043926513.dir/build
make[1]: ingresso nella directory "/home/dany/catkin_ws/src/desperate_housewife/build/CMakeFiles/CMakeTmp"
/usr/bin/cmake -E cmake_progress_report /home/dany/catkin_ws/src/desperate_housewife/build/CMakeFiles/CMakeTmp/CMakeFiles 1
Building C object CMakeFiles/cmTryCompileExec3043926513.dir/CheckSymbolExists.c.o
/usr/bin/cc    -o CMakeFiles/cmTryCompileExec3043926513.dir/CheckSymbolExists.c.o   -c /home/dany/catkin_ws/src/desperate_housewife/build/CMakeFiles/CMakeTmp/CheckSymbolExists.c
Linking C executable cmTryCompileExec3043926513
/usr/bin/cmake -E cmake_link_script CMakeFiles/cmTryCompileExec3043926513.dir/link.txt --verbose=1
/usr/bin/cc       CMakeFiles/cmTryCompileExec3043926513.dir/CheckSymbolExists.c.o  -o cmTryCompileExec3043926513 -rdynamic 
CMakeFiles/cmTryCompileExec3043926513.dir/CheckSymbolExists.c.o: nella funzione "main":
CheckSymbolExists.c:(.text+0x16): riferimento non definito a "pthread_create"
collect2: error: ld returned 1 exit status
make[1]: uscita dalla directory "/home/dany/catkin_ws/src/desperate_housewife/build/CMakeFiles/CMakeTmp"
make[1]: *** [cmTryCompileExec3043926513] Errore 1
make: *** [cmTryCompileExec3043926513/fast] Errore 2

File /home/dany/catkin_ws/src/desperate_housewife/build/CMakeFiles/CMakeTmp/CheckSymbolExists.c:
/* */
#include <pthread.h>

int main(int argc, char** argv)
{
  (void)argv;
#ifndef pthread_create
  return ((int*)(&pthread_create))[argc];
#else
  (void)argc;
  return 0;
#endif
}

Determining if the function pthread_create exists in the pthreads failed with the following output:
Change Dir: /home/dany/catkin_ws/src/desperate_housewife/build/CMakeFiles/CMakeTmp

Run Build Command:/usr/bin/make "cmTryCompileExec205123100/fast"
/usr/bin/make -f CMakeFiles/cmTryCompileExec205123100.dir/build.make CMakeFiles/cmTryCompileExec205123100.dir/build
make[1]: ingresso nella directory "/home/dany/catkin_ws/src/desperate_housewife/build/CMakeFiles/CMakeTmp"
/usr/bin/cmake -E cmake_progress_report /home/dany/catkin_ws/src/desperate_housewife/build/CMakeFiles/CMakeTmp/CMakeFiles 1
Building C object CMakeFiles/cmTryCompileExec205123100.dir/CheckFunctionExists.c.o
/usr/bin/cc   -DCHECK_FUNCTION_EXISTS=pthread_create   -o CMakeFiles/cmTryCompileExec205123100.dir/CheckFunctionExists.c.o   -c /usr/share/cmake-2.8/Modules/CheckFunctionExists.c
Linking C executable cmTryCompileExec205123100
/usr/bin/cmake -E cmake_link_script CMakeFiles/cmTryCompileExec205123100.dir/link.txt --verbose=1
/usr/bin/cc   -DCHECK_FUNCTION_EXISTS=pthread_create    CMakeFiles/cmTryCompileExec205123100.dir/CheckFunctionExists.c.o  -o cmTryCompileExec205123100 -rdynamic -lpthreads 
/usr/bin/ld: impossibile trovare -lpthreads
collect2: error: ld returned 1 exit status
make[1]: *** [cmTryCompileExec205123100] Errore 1
make[1]: uscita dalla directory "/home/dany/catkin_ws/src/desperate_housewife/build/CMakeFiles/CMakeTmp"
make: *** [cmTryCompileExec205123100/fast] Errore 2


